This is LuaTeX, Version beta-0.70.2-2012062819 (TeX Live 2012) (format=lualatex 2012.6.30)  11 SEP 2017 17:40
 restricted \write18 enabled.
**Dissertation.tex
(./Dissertation.tex
LaTeX2e <2011/06/27>
LuaTeX adaptation of babel <v3.8m-luatex-1.5> and hyphenation patterns for engl
ish, dumylang, nohyphenation, loaded.
(/usr/local/texlive/2012/texmf-dist/tex/latex/memoir/memoir.cls
Document Class: memoir 2011/03/06 v3.6j configurable book, report, article docu
ment class
\onelineskip=\skip41
\lxvchars=\skip42
\xlvchars=\skip43
\@memcnta=\count79
\c@@memmarkcntra=\count80
(/usr/local/texlive/2012/texmf-dist/tex/generic/oberdiek/ifpdf.sty
Package: ifpdf 2011/01/30 v2.3 Provides the ifpdf switch (HO)
Package ifpdf Info: pdfTeX in PDF mode is detected.
)
(/usr/local/texlive/2012/texmf-dist/tex/latex/ifetex/ifetex.sty
Package: ifetex 2011/12/15 v1.2 ifetex

(/usr/local/texlive/2012/texmf-dist/tex/plain/ifetex/ifetex.tex))
(/usr/local/texlive/2012/texmf-dist/tex/generic/ifxetex/ifxetex.sty
Package: ifxetex 2010/09/12 v0.6 Provides ifxetex conditional
)
(/usr/local/texlive/2012/texmf-dist/tex/generic/oberdiek/ifluatex.sty
Package: ifluatex 2010/03/01 v1.3 Provides the ifluatex switch (HO)
Package ifluatex Info: LuaTeX detected.
)
\stockheight=\skip44
\stockwidth=\skip45
\trimtop=\skip46
\trimedge=\skip47

(/usr/local/texlive/2012/texmf-dist/tex/latex/etex-pkg/etex.sty
Package: etex 1998/03/26 v2.0 eTeX basic definition package (PEB)
\et@xins=\count81
)
(/usr/local/texlive/2012/texmf-dist/tex/latex/memoir/mem12.clo
File: mem12.clo 2010/10/19 v0.4b memoir class 12pt size option
)
\binding=\skip48
\spinemargin=\skip49
\foremargin=\skip50
\uppermargin=\skip51
\lowermargin=\skip52
\headdrop=\skip53
\normalrulethickness=\skip54
\mem@maxheadheight=\skip55
\mem@maxfootheight=\skip56
\headwidth=\skip57
\c@storedpagenumber=\count82
\memPD=\dimen102
\m@mabparskip=\skip58
\thanksmarkwidth=\skip59
\thanksmarksep=\skip60
\droptitle=\skip61
\c@book=\count83
\c@part=\count84
\c@chapter=\count85
\c@section=\count86
\c@subsection=\count87
\c@subsubsection=\count88
\c@paragraph=\count89
\c@subparagraph=\count90
\beforechapskip=\skip62
\midchapskip=\skip63
\afterchapskip=\skip64
\chapindent=\skip65
\bottomsectionskip=\skip66
\secindent=\skip67
\beforesecskip=\skip68
\aftersecskip=\skip69
\subsecindent=\skip70
\beforesubsecskip=\skip71
\aftersubsecskip=\skip72
\subsubsecindent=\skip73
\beforesubsubsecskip=\skip74
\aftersubsubsecskip=\skip75
\paraindent=\skip76
\beforeparaskip=\skip77
\afterparaskip=\skip78
\subparaindent=\skip79
\beforesubparaskip=\skip80
\aftersubparaskip=\skip81
\pfbreakskip=\skip82
\c@@ppsavesec=\count91
\c@@ppsaveapp=\count92
\ragrparindent=\dimen103
\everylistparindent=\dimen104
\parsepi=\skip83
\topsepi=\skip84
\itemsepi=\skip85
\parsepii=\skip86
\topsepii=\skip87
\topsepiii=\skip88
\itemsepii=\skip89
\itemsepiii=\skip90
\partopsepii=\skip91
\partopsepiii=\skip92
\m@msavetopsep=\skip93
\m@msavepartopsep=\skip94
\@enLab=\toks14
\abstitleskip=\skip95
\absleftindent=\skip96
\abs@leftindent=\dimen105
\absrightindent=\skip97
\absparindent=\skip98
\absparsep=\skip99
\c@vslineno=\count93
\c@poemline=\count94
\c@modulo@vs=\count95
\c@memfvsline=\count96
\vleftskip=\skip100
\vrightskip=\skip101
\stanzaskip=\skip102
\versewidth=\skip103
\vgap=\skip104
\vindent=\skip105
\vleftmargin=\dimen106
\c@verse=\count97
\c@chrsinstr=\count98
\beforepoemtitleskip=\skip106
\afterpoemtitleskip=\skip107
\c@poem=\count99
\beforePoemTitleskip=\skip108
\midPoemTitleskip=\skip109
\afterPoemTitleskip=\skip110
\col@sep=\dimen107
\extrarowheight=\dimen108
\NC@list=\toks15
\extratabsurround=\skip111
\backup@length=\skip112
\TX@col@width=\dimen109
\TX@old@table=\dimen110
\TX@old@col=\dimen111
\TX@target=\dimen112
\TX@delta=\dimen113
\TX@cols=\count100
\TX@ftn=\toks16
\heavyrulewidth=\dimen114
\lightrulewidth=\dimen115
\cmidrulewidth=\dimen116
\belowrulesep=\dimen117
\belowbottomsep=\dimen118
\aboverulesep=\dimen119
\abovetopsep=\dimen120
\cmidrulesep=\dimen121
\cmidrulekern=\dimen122
\defaultaddspace=\dimen123
\@cmidla=\count101
\@cmidlb=\count102
\@aboverulesep=\dimen124
\@belowrulesep=\dimen125
\@thisruleclass=\count103
\@lastruleclass=\count104
\@thisrulewidth=\dimen126
\ctableftskip=\skip113
\ctabrightskip=\skip114
\abovecolumnspenalty=\count105
\@linestogo=\count106
\@cellstogo=\count107
\@cellsincolumn=\count108
\crtok=\toks17
\@mincolumnwidth=\dimen127
\c@newflo@tctr=\count109
\mem@margin@floatbox=\box26
\@contcwidth=\skip115
\@contindw=\skip116
\abovecaptionskip=\skip117
\belowcaptionskip=\skip118
\subfloattopskip=\skip119
\subfloatcapskip=\skip120
\subfloatcaptopadj=\skip121
\subfloatbottomskip=\skip122
\subfloatlabelskip=\skip123
\subfloatcapmargin=\dimen128
\c@@contsubnum=\count110
\m@mscap@capbox=\box27
\m@mscap@fbox=\box28
\sidecapsep=\dimen129
\sidecapwidth=\dimen130
\m@m@tempdima=\dimen131
\m@mscapraise=\dimen132
\sidecapraise=\dimen133
\m@mscapmainwidth=\dimen134
\m@mscaplkern=\dimen135
\beforeepigraphskip=\skip124
\afterepigraphskip=\skip125
\epigraphwidth=\skip126
\epigraphrule=\skip127
LaTeX Info: Redefining \em on input line 7377.
LaTeX Info: Redefining \emph on input line 7385.
\tocentryskip=\skip128
\tocbaseline=\skip129
\cftparskip=\skip130
\cftbeforebookskip=\skip131
\cftbookindent=\dimen136
\cftbooknumwidth=\dimen137
\cftbeforepartskip=\skip132
\cftpartindent=\skip133
\cftpartnumwidth=\skip134
\cftbeforechapterskip=\skip135
\cftchapterindent=\skip136
\cftchapternumwidth=\skip137
\cftbeforesectionskip=\skip138
\cftsectionindent=\skip139
\cftsectionnumwidth=\skip140
\cftbeforesubsectionskip=\skip141
\cftsubsectionindent=\skip142
\cftsubsectionnumwidth=\skip143
\cftbeforesubsubsectionskip=\skip144
\cftsubsubsectionindent=\skip145
\cftsubsubsectionnumwidth=\skip146
\cftbeforeparagraphskip=\skip147
\cftparagraphindent=\skip148
\cftparagraphnumwidth=\skip149
\cftbeforesubparagraphskip=\skip150
\cftsubparagraphindent=\skip151
\cftsubparagraphnumwidth=\skip152
\prechapterprecisshift=\dimen138
\c@maxsecnumdepth=\count111
\bibindent=\dimen139
\bibitemsep=\skip153
\indexcolsep=\skip154
\indexrule=\skip155
\indexmarkstyle=\toks18
\@indexbox=\insert233
\glossarycolsep=\dimen140
\glossaryrule=\dimen141
\sideparvshift=\skip156
\sideins=\insert232
\sidebartopsep=\skip157
\sidebarhsep=\skip158
\sidebarvsep=\skip159
\sidebarwidth=\skip160
\footmarkwidth=\skip161
\footmarksep=\skip162
\footparindent=\skip163
\footinsdim=\skip164
\footinsv@r=\insert231
\@mpfootinsv@r=\insert230
\m@m@k=\count112
\m@m@h=\dimen142
\m@mipn@skip=\skip165
\sidefootins=\insert229
\sidefootadjust=\skip166
\sidefootheight=\skip167
\sidefoothsep=\skip168
\sidefootvsep=\skip169
\sidefootwidth=\skip170
\m@mdownsf=\skip171
\c@sidefootnote=\count113
\sidefootmarkwidth=\skip172
\sidefootmarksep=\skip173
\sidefootparindent=\skip174
\c@pagenote=\count114
\c@pagenoteshadow=\count115
\mem@pn@lastkern=\skip175
\every@verbatim=\toks19
\afterevery@verbatim=\toks20
\verbatim@line=\toks21
\tab@position=\count116
\verbatim@in@stream=\read1
\verbatimindent=\skip176
\verbatim@out=\write3
\bvboxsep=\skip177
\c@memfbvline=\count117
\c@bvlinectr=\count118
\bvnumlength=\skip178
\fb@frw=\dimen143
\fb@frh=\dimen144
\FrameRule=\dimen145
\FrameSep=\dimen146
\c@cp@cntr=\count119
LaTeX Info: Redefining \: on input line 11807.
LaTeX Info: Redefining \! on input line 11809.
\c@ism@mctr=\count120
\c@xsm@mctr=\count121
\c@csm@mctr=\count122
\c@ksm@mctr=\count123
\c@xksm@mctr=\count124
\c@cksm@mctr=\count125
\c@msm@mctr=\count126
\c@xmsm@mctr=\count127
\c@cmsm@mctr=\count128
\c@bsm@mctr=\count129
\c@workm@mctr=\count130
\c@sheetsequence=\count131
\c@lastsheet=\count132
\c@lastpage=\count133
\c@figure=\count134
\c@lofdepth=\count135
\cftbeforefigureskip=\skip179
\cftfigureindent=\skip180
\cftfigurenumwidth=\skip181
\c@table=\count136
\c@lotdepth=\count137
\cftbeforetableskip=\skip182
\cfttableindent=\skip183
\cfttablenumwidth=\skip184
Package abstract [2008/07/23] emulated by memoir.
Package appendix [2008/07/23] emulated by memoir.
Package array [2008/07/23] emulated by memoir.
Package booktabs [2008/07/23] emulated by memoir.
Package ccaption [2008/07/23] emulated by memoir.
Package changepage [2008/07/23] emulated by memoir.
Package chngcntr [2008/07/23] emulated by memoir.
Package chngpage [2008/07/23] emulated by memoir.
Package crop emulated by memoir.
Package dcolumn [2008/07/23] emulated by memoir.
Package delarray [2008/07/23] emulated by memoir.
Package enumerate [2008/07/23] emulated by memoir.
Package epigraph [2008/07/23] emulated by memoir.
Package ifmtarg [2008/07/23] emulated by memoir.
Package index [2008/07/23] emulated by memoir.
Package makeidx [2008/07/23] emulated by memoir.
Package moreverb [2008/07/23] emulated by memoir.
Package mparhack [2008/07/23] emulated by memoir.
Package needspace [2008/07/23] emulated by memoir.
Package newfile [2008/07/23] emulated by memoir.
Package nextpage [2008/07/23] emulated by memoir.
Package pagenote [2008/07/23] emulated by memoir.
Package parskip [2008/07/23] emulated by memoir.
Package patchcmd [2008/07/23] emulated by memoir.
Package setspace [2008/07/23] emulated by memoir.
Package shortvrb [2008/07/23] emulated by memoir.
Package showidx [2008/07/23] emulated by memoir.
Package tabularx [2008/07/23] emulated by memoir.
Package titleref [2008/07/23] emulated by memoir.
Package titling [2008/07/23] emulated by memoir.
Package tocbibind [2008/07/23] emulated by memoir.
Package tocloft [2008/07/23] emulated by memoir.
Package tocvsec2 [2008/07/23] emulated by memoir.
Package verbatim [2008/07/23] emulated by memoir.
Package verse [2008/07/23] emulated by memoir.

(/usr/local/texlive/2012/texmf-dist/tex/latex/memoir/mempatch.sty
Package: mempatch 2009/07/24 v6.0f Patches for memoir class v1.6180339
))
! 
 ********************************************
 * XeTeX is required to compile this document.
 * Sorry!
 ********************************************.
\RequireXeTeX ...********************************}
                                                  \endgroup \fi 
l.17 \RequireXeTeX
                   %XeTeX allows you to use Unicode characters like polytoni...
This error message was generated by an \errmessage
command, so I can't give any explicit help.
Pretend that you're Hercule Poirot: Examine all clues,
and deduce the truth by order and method.

(/usr/local/texlive/2012/texmf-dist/tex/latex/fontspec/fontspec.sty
Package: fontspec 2012/05/06 v2.2b Advanced font selection for XeLaTeX/LuaLaTeX


(/usr/local/texlive/2012/texmf-dist/tex/latex/l3kernel/expl3.sty
(/usr/local/texlive/2012/texmf-dist/tex/latex/l3kernel/l3names.sty
(/usr/local/texlive/2012/texmf-dist/tex/latex/l3kernel/l3bootstrap.sty
Package: l3bootstrap 2011/12/29 v3110 L3 Experimental bootstrap code

(/usr/local/texlive/2012/texmf-dist/tex/generic/oberdiek/luatex.sty
Package: luatex 2010/03/09 v0.4 LuaTeX basic definition package (HO)

(/usr/local/texlive/2012/texmf-dist/tex/generic/oberdiek/infwarerr.sty
Package: infwarerr 2010/04/08 v1.3 Providing info/warning/error messages (HO)
)
\LuT@AllocAttribute=\count277
\LuT@AllocCatcodeTable=\count278
\CatcodeTableStack=\count279
\CatcodeTableIniTeX=\catcodetable1
\CatcodeTableString=\catcodetable3
\CatcodeTableOther=\catcodetable5
\CatcodeTableLaTeX=\catcodetable7

(/usr/local/texlive/2012/texmf-dist/tex/generic/oberdiek/luatex-loader.sty
Package: luatex-loader 2010/03/09 v0.4 Lua module loader (HO)

(/usr/local/texlive/2012/texmf-dist/scripts/oberdiek/oberdiek.luatex.lua)))
(/usr/local/texlive/2012/texmf-dist/tex/generic/oberdiek/pdftexcmds.sty
Package: pdftexcmds 2011/11/29 v0.20 Utility functions of pdfTeX for LuaTeX (HO
)

(/usr/local/texlive/2012/texmf-dist/tex/generic/oberdiek/ltxcmds.sty
Package: ltxcmds 2011/11/09 v1.22 LaTeX kernel commands for general use (HO)
)
Package pdftexcmds Info: \pdf@primitive is available.
Package pdftexcmds Info: \pdf@ifprimitive is available.
Package pdftexcmds Info: \pdfdraftmode found.
\pdftexcmds@toks=\toks22
))
Package: l3names 2012/03/04 v3494 L3 Experimental namespace for primitives
)
Package: expl3 2012/04/23 v3570 L3 Experimental code bundle wrapper

(/usr/local/texlive/2012/texmf-dist/tex/latex/graphics/color.sty
Package: color 2005/11/14 v1.0j Standard LaTeX Color (DPC)

(/usr/local/texlive/2012/texmf-dist/tex/latex/latexconfig/color.cfg
File: color.cfg 2007/01/18 v1.5 color configuration of teTeX/TeXLive
)
Package color Info: Driver file: pdftex.def on input line 130.

(/usr/local/texlive/2012/texmf-dist/tex/latex/pdftex-def/pdftex.def
File: pdftex.def 2011/05/27 v0.06d Graphics/color for pdfTeX
\Gread@gobject=\count280
))
(/usr/local/texlive/2012/texmf-dist/tex/latex/graphics/graphics.sty
Package: graphics 2009/02/05 v1.0o Standard LaTeX Graphics (DPC,SPQR)

(/usr/local/texlive/2012/texmf-dist/tex/latex/graphics/trig.sty
Package: trig 1999/03/16 v1.09 sin cos tan (DPC)
)
(/usr/local/texlive/2012/texmf-dist/tex/latex/latexconfig/graphics.cfg
File: graphics.cfg 2010/04/23 v1.9 graphics configuration of TeX Live
)
Package graphics Info: Driver file: pdftex.def on input line 91.
)
(/usr/local/texlive/2012/texmf-dist/tex/latex/l3kernel/l3basics.sty
Package: l3basics 2012/03/04 v3491 L3 Experimental basic definitions
)
(/usr/local/texlive/2012/texmf-dist/tex/latex/l3kernel/l3expan.sty
Package: l3expan 2012/02/26 v3460 L3 Experimental argument expansion
)
(/usr/local/texlive/2012/texmf-dist/tex/latex/l3kernel/l3tl.sty
Package: l3tl 2012/03/04 v3490 L3 Experimental token lists
)
(/usr/local/texlive/2012/texmf-dist/tex/latex/l3kernel/l3seq.sty
Package: l3seq 2012/03/04 v3490 L3 Experimental sequences and stacks
)
(/usr/local/texlive/2012/texmf-dist/tex/latex/l3kernel/l3int.sty
Package: l3int 2012/03/04 v3490 L3 Experimental integers
\c_max_int=\count281
\l_tmpa_int=\count282
\l_tmpb_int=\count283
\l_tmpc_int=\count284
\g_tmpa_int=\count285
\g_tmpb_int=\count286
)
(/usr/local/texlive/2012/texmf-dist/tex/latex/l3kernel/l3quark.sty
Package: l3quark 2012/02/12 v3384 L3 Experimental quarks
)
(/usr/local/texlive/2012/texmf-dist/tex/latex/l3kernel/l3prg.sty
Package: l3prg 2012/03/04 v3490 L3 Experimental control structures
\g_prg_map_int=\count287
)
(/usr/local/texlive/2012/texmf-dist/tex/latex/l3kernel/l3clist.sty
Package: l3clist 2012/03/04 v3490 L3 Experimental comma separated lists
)
(/usr/local/texlive/2012/texmf-dist/tex/latex/l3kernel/l3token.sty
Package: l3token 2012/03/04 v3491 L3 Experimental token manipulation
)
(/usr/local/texlive/2012/texmf-dist/tex/latex/l3kernel/l3prop.sty
Package: l3prop 2012/03/04 v3490 L3 Experimental property lists
)
(/usr/local/texlive/2012/texmf-dist/tex/latex/l3kernel/l3msg.sty
Package: l3msg 2012/04/23 v3568 L3 Experimental messages
)
(/usr/local/texlive/2012/texmf-dist/tex/latex/l3kernel/l3file.sty
Package: l3file 2012/03/09 v3520 L3 Experimental file and I/O operations
\l_iow_stream_int=\count288
\l_iow_line_length_int=\count289
\l_iow_target_length_int=\count290
\l_iow_current_line_int=\count291
\l_iow_current_word_int=\count292
\l_iow_current_indentation_int=\count293
)
(/usr/local/texlive/2012/texmf-dist/tex/latex/l3kernel/l3skip.sty
Package: l3skip 2012/03/05 v3499 L3 Experimental dimensions and skips
\l_tmpa_dim=\dimen256
\l_tmpb_dim=\dimen257
\l_tmpc_dim=\dimen258
\g_tmpa_dim=\dimen259
\g_tmpb_dim=\dimen260
\l_tmpa_skip=\skip256
\l_tmpb_skip=\skip257
\l_tmpc_skip=\skip258
\g_tmpa_skip=\skip259
\g_tmpb_skip=\skip260
)
(/usr/local/texlive/2012/texmf-dist/tex/latex/l3kernel/l3keys.sty
Package: l3keys 2012/03/03 v3487 L3 Experimental key-value interfaces
\g_keyval_level_int=\count294
\l_keys_choice_int=\count295
)
(/usr/local/texlive/2012/texmf-dist/tex/latex/l3kernel/l3fp.sty
Package: l3fp 2012/03/04 v3490 L3 Experimental floating-point operations
\c_one_hundred_million=\count296
\c_five_hundred_million=\count297
\c_one_thousand_million=\count298
\c_fp_pi_by_four_decimal_int=\count299
\c_fp_pi_by_four_extended_int=\count300
\c_fp_pi_decimal_int=\count301
\c_fp_pi_extended_int=\count302
\c_fp_two_pi_decimal_int=\count303
\c_fp_two_pi_extended_int=\count304
\l_fp_count_int=\count305
\l_fp_div_offset_int=\count306
\l_fp_exp_integer_int=\count307
\l_fp_exp_decimal_int=\count308
\l_fp_exp_extended_int=\count309
\l_fp_exp_exponent_int=\count310
\l_fp_input_a_sign_int=\count311
\l_fp_input_a_integer_int=\count312
\l_fp_input_a_decimal_int=\count313
\l_fp_input_a_exponent_int=\count314
\l_fp_input_b_sign_int=\count315
\l_fp_input_b_integer_int=\count316
\l_fp_input_b_decimal_int=\count317
\l_fp_input_b_exponent_int=\count318
\l_fp_input_a_extended_int=\count319
\l_fp_input_b_extended_int=\count320
\l_fp_mul_a_i_int=\count321
\l_fp_mul_a_ii_int=\count322
\l_fp_mul_a_iii_int=\count323
\l_fp_mul_a_iv_int=\count324
\l_fp_mul_a_v_int=\count325
\l_fp_mul_a_vi_int=\count326
\l_fp_mul_b_i_int=\count327
\l_fp_mul_b_ii_int=\count328
\l_fp_mul_b_iii_int=\count329
\l_fp_mul_b_iv_int=\count330
\l_fp_mul_b_v_int=\count331
\l_fp_mul_b_vi_int=\count332
\l_fp_mul_output_int=\count333
\l_fp_output_sign_int=\count334
\l_fp_output_integer_int=\count335
\l_fp_output_decimal_int=\count336
\l_fp_output_exponent_int=\count337
\l_fp_output_extended_int=\count338
\l_fp_round_position_int=\count339
\l_fp_round_target_int=\count340
\l_fp_split_sign_int=\count341
\l_fp_internal_int=\count342
\l_fp_trig_octant_int=\count343
\l_fp_trig_sign_int=\count344
\l_fp_trig_decimal_int=\count345
\l_fp_trig_extended_int=\count346
\l_fp_internal_dim=\dimen261
\l_fp_internal_skip=\skip261
)
(/usr/local/texlive/2012/texmf-dist/tex/latex/l3kernel/l3box.sty
Package: l3box 2012/03/04 v3490 L3 Experimental boxes
\l_tmpb_box=\box256
\l_box_top_dim=\dimen262
\l_box_bottom_dim=\dimen263
\l_box_left_dim=\dimen264
\l_box_right_dim=\dimen265
\l_box_top_new_dim=\dimen266
\l_box_bottom_new_dim=\dimen267
\l_box_left_new_dim=\dimen268
\l_box_right_new_dim=\dimen269
\l_box_internal_box=\box257
)
(/usr/local/texlive/2012/texmf-dist/tex/latex/l3kernel/l3coffins.sty
Package: l3coffins 2012/03/03 v3482 L3 Experimental coffin code layer
\l_coffin_internal_box=\box258
\l_coffin_internal_dim=\dimen270
\l_coffin_offset_x_dim=\dimen271
\l_coffin_offset_y_dim=\dimen272
\l_coffin_x_dim=\dimen273
\l_coffin_y_dim=\dimen274
\l_coffin_x_prime_dim=\dimen275
\l_coffin_y_prime_dim=\dimen276
\l_coffin_Depth_dim=\dimen277
\l_coffin_Height_dim=\dimen278
\l_coffin_TotalHeight_dim=\dimen279
\l_coffin_Width_dim=\dimen280
\c_empty_coffin=\box259
\l_coffin_aligned_coffin=\box260
\l_coffin_aligned_internal_coffin=\box261
\l_coffin_bounding_shift_dim=\dimen281
\l_coffin_left_corner_dim=\dimen282
\l_coffin_right_corner_dim=\dimen283
\l_coffin_bottom_corner_dim=\dimen284
\l_coffin_top_corner_dim=\dimen285
\l_coffin_scaled_total_height_dim=\dimen286
\l_coffin_scaled_width_dim=\dimen287
\l_coffin_display_coffin=\box262
\l_coffin_display_coord_coffin=\box263
\l_coffin_display_pole_coffin=\box264
\l_coffin_display_offset_dim=\dimen288
\l_coffin_display_x_dim=\dimen289
\l_coffin_display_y_dim=\dimen290
)
(/usr/local/texlive/2012/texmf-dist/tex/latex/l3kernel/l3color.sty
Package: l3color 2011/09/07 v2776 L3 Experimental colour support
)
(/usr/local/texlive/2012/texmf-dist/tex/latex/l3kernel/l3luatex.sty
Package: l3luatex 2012/02/09 v3355 L3 Experimental LuaTeX-specific functions
\g_cctab_allocate_int=\count347
\g_cctab_stack_int=\count348
\c_code_cctab=\catcodetable9
))
(/usr/local/texlive/2012/texmf-dist/tex/latex/l3packages/xparse/xparse.sty
Package: xparse 2012/04/23 v3570 L3 Experimental document command parser
\l_xparse_current_arg_int=\count349
\l_xparse_m_args_int=\count350
\l_xparse_mandatory_args_int=\count351
\l_xparse_processor_int=\count352
\l_xparse_v_nesting_int=\count353
)
(/usr/local/texlive/2012/texmf-dist/tex/luatex/luaotfload/luaotfload.sty
Package: luaotfload 2012/05/28 v1.27 OpenType layout system

(/usr/local/texlive/2012/texmf-dist/tex/luatex/luatexbase/luatexbase.sty
Package: luatexbase 2010/10/06 v0.3 Module utilities for LuaTeX

(/usr/local/texlive/2012/texmf-dist/tex/luatex/luatexbase/luatexbase-compat.sty
Package: luatexbase-compat 2010/10/10 v0.3 Compatibility tools for LuaTeX
)
(/usr/local/texlive/2012/texmf-dist/tex/luatex/luatexbase/luatexbase-loader.sty
Package: luatexbase-loader 2010/10/10 v0.3 Lua module loader for LuaTeX
(/usr/local/texlive/2012/texmf-dist/tex/luatex/luatexbase/luatexbase.loader.lua
))
(/usr/local/texlive/2012/texmf-dist/tex/luatex/luatexbase/luatexbase-regs.sty
Package: luatexbase-regs 2010/10/10 v0.3 Registers allocation for LuaTeX
)
(/usr/local/texlive/2012/texmf-dist/tex/luatex/luatexbase/luatexbase-attr.sty
Package: luatexbase-attr 2011/05/21 v0.31 Attributes allocation for LuaTeX

(/usr/local/texlive/2012/texmf-dist/tex/luatex/luatexbase/attr.lua))
(/usr/local/texlive/2012/texmf-dist/tex/luatex/luatexbase/luatexbase-cctb.sty
Package: luatexbase-cctb 2010/10/10 v0.3 Catcodetable allocation for LuaTeX

(/usr/local/texlive/2012/texmf-dist/tex/luatex/luatexbase/cctb.lua)
\lltxb@catcodetable@alloc=\count354
\CatcodeTableIniTeX=\luatexcatcodetable1
\CatcodeTableString=\luatexcatcodetable3
\CatcodeTableOther=\luatexcatcodetable5
\CatcodeTableLaTeX=\luatexcatcodetable7
\CatcodeTableLaTeXAtLetter=\luatexcatcodetable9
\CatcodeTableExpl=\luatexcatcodetable11
)
(/usr/local/texlive/2012/texmf-dist/tex/luatex/luatexbase/luatexbase-mcb.sty
Package: luatexbase-mcb 2010/10/10 v0.3 Callback management for LuaTeX

(/usr/local/texlive/2012/texmf-dist/tex/luatex/luatexbase/luatexbase-modutils.s
ty
Package: luatexbase-modutils 2010/10/10 v0.3 Module utilities for LuaTeX

(/usr/local/texlive/2012/texmf-dist/tex/luatex/luatexbase/modutils.lua))
(/usr/local/texlive/2012/texmf-dist/tex/luatex/luatexbase/mcb.lua)
Lua module: luatexbase-mcb 2010/05/12 0.2 register several functions in a callb
ack
))
(/usr/local/texlive/2012/texmf-dist/tex/luatex/lualibs/lualibs.lua)
Lua module: lualibs 2011/01/20 0.96 Lua additional functions.

(/usr/local/texlive/2012/texmf-dist/tex/luatex/lualibs/lualibs-string.lua)
(/usr/local/texlive/2012/texmf-dist/tex/luatex/lualibs/lualibs-lpeg.lua)
(/usr/local/texlive/2012/texmf-dist/tex/luatex/lualibs/lualibs-boolean.lua)
(/usr/local/texlive/2012/texmf-dist/tex/luatex/lualibs/lualibs-number.lua)
(/usr/local/texlive/2012/texmf-dist/tex/luatex/lualibs/lualibs-math.lua)
(/usr/local/texlive/2012/texmf-dist/tex/luatex/lualibs/lualibs-table.lua)
(/usr/local/texlive/2012/texmf-dist/tex/luatex/lualibs/lualibs-aux.lua)
(/usr/local/texlive/2012/texmf-dist/tex/luatex/lualibs/lualibs-io.lua)
(/usr/local/texlive/2012/texmf-dist/tex/luatex/lualibs/lualibs-os.lua)
(/usr/local/texlive/2012/texmf-dist/tex/luatex/lualibs/lualibs-file.lua)
(/usr/local/texlive/2012/texmf-dist/tex/luatex/lualibs/lualibs-md5.lua)
(/usr/local/texlive/2012/texmf-dist/tex/luatex/lualibs/lualibs-dir.lua)
(/usr/local/texlive/2012/texmf-dist/tex/luatex/lualibs/lualibs-unicode.lua)
(/usr/local/texlive/2012/texmf-dist/tex/luatex/lualibs/lualibs-utils.lua)
(/usr/local/texlive/2012/texmf-dist/tex/luatex/lualibs/lualibs-dimen.lua)
(/usr/local/texlive/2012/texmf-dist/tex/luatex/lualibs/lualibs-url.lua)
(/usr/local/texlive/2012/texmf-dist/tex/luatex/lualibs/lualibs-set.lua)
(/usr/local/texlive/2012/texmf-dist/tex/luatex/luaotfload/luaotfload.lua)
Lua module: luaotfload 2012/05/28 1.27 OpenType layout system.
luaotfload: loading file /usr/local/texlive/2012/texmf-dist/tex/luatex/luaotflo
ad/otfl-luat-dum.lua.(using cache: /Users/Matt/Library/texlive/2012/texmf-var/l
uatex-cache/generic)
luaotfload: loading file /usr/local/texlive/2012/texmf-dist/tex/luatex/luaotflo
ad/otfl-luat-ovr.lua.
luaotfload: loading file /usr/local/texlive/2012/texmf-dist/tex/luatex/luaotflo
ad/otfl-data-con.lua.
luaotfload: loading file /usr/local/texlive/2012/texmf-dist/tex/luatex/luaotflo
ad/otfl-font-ini.lua.
luaotfload: loading file /usr/local/texlive/2012/texmf-dist/tex/luatex/luaotflo
ad/otfl-node-dum.lua.
luaotfload: loading file /usr/local/texlive/2012/texmf-dist/tex/luatex/luaotflo
ad/otfl-node-inj.lua.
luaotfload: loading file /usr/local/texlive/2012/texmf-dist/tex/luatex/luaotflo
ad/otfl-font-tfm.lua.
luatexbase.attributes["otfl@state"] = 1
luaotfload: loading file /usr/local/texlive/2012/texmf-dist/tex/luatex/luaotflo
ad/otfl-font-cid.lua.
luaotfload: loading file /usr/local/texlive/2012/texmf-dist/tex/luatex/luaotflo
ad/otfl-font-ott.lua.
luaotfload: loading file /usr/local/texlive/2012/texmf-dist/tex/luatex/luaotflo
ad/otfl-font-map.lua.
luaotfload: loading file /usr/local/texlive/2012/texmf-dist/tex/luatex/luaotflo
ad/otfl-font-otf.lua.
luaotfload: loading file /usr/local/texlive/2012/texmf-dist/tex/luatex/luaotflo
ad/otfl-font-otd.lua.
luaotfload: loading file /usr/local/texlive/2012/texmf-dist/tex/luatex/luaotflo
ad/otfl-font-oti.lua.
luaotfload: loading file /usr/local/texlive/2012/texmf-dist/tex/luatex/luaotflo
ad/otfl-font-otb.lua.
luaotfload: loading file /usr/local/texlive/2012/texmf-dist/tex/luatex/luaotflo
ad/otfl-font-otn.lua.
luatexbase.attributes["otfl@markbase"] = 2
luatexbase.attributes["otfl@markmark"] = 3
luatexbase.attributes["otfl@markdone"] = 4
luatexbase.attributes["otfl@cursbase"] = 5
luatexbase.attributes["otfl@curscurs"] = 6
luatexbase.attributes["otfl@cursdone"] = 7
luatexbase.attributes["otfl@kernpair"] = 8
luaotfload: loading file /usr/local/texlive/2012/texmf-dist/tex/luatex/luaotflo
ad/otfl-font-ota.lua.
luaotfload: loading file /usr/local/texlive/2012/texmf-dist/tex/luatex/luaotflo
ad/otfl-font-otc.lua.
luaotfload: loading file /usr/local/texlive/2012/texmf-dist/tex/luatex/luaotflo
ad/otfl-font-def.lua.
luaotfload: loading file /usr/local/texlive/2012/texmf-dist/tex/luatex/luaotflo
ad/otfl-font-xtx.lua.
luaotfload: loading file /usr/local/texlive/2012/texmf-dist/tex/luatex/luaotflo
ad/otfl-font-dum.lua.
luaotfload: loading file /usr/local/texlive/2012/texmf-dist/tex/luatex/luaotflo
ad/otfl-font-nms.lua.
luaotfload: loading file /usr/local/texlive/2012/texmf-dist/tex/luatex/luaotflo
ad/otfl-font-clr.lua.
Module luatexbase-mcb info: creating 'luaotfload.patch_font' type 4
Module luatexbase-mcb info: inserting 'luaotfload.pre_linebreak_filter'
(luatexbase-mcb)            at position 1 in 'pre_linebreak_filter'
Module luatexbase-mcb info: inserting 'luaotfload.hpack_filter'
(luatexbase-mcb)            at position 1 in 'hpack_filter'
Module luatexbase-mcb info: resetting callback 'define_font'
Module luatexbase-mcb info: inserting 'luaotfload.define_font'
(luatexbase-mcb)            at position 1 in 'define_font'
Module luatexbase-mcb info: inserting 'luaotfload.find_vf_file'
(luatexbase-mcb)            at position 1 in 'find_vf_file'
Module luatexbase-mcb info: inserting 'unicodemath.set_sscale_diments'
(luatexbase-mcb)            at position 1 in 'luaotfload.patch_font'
)
(/usr/local/texlive/2012/texmf-dist/tex/latex/fontspec/fontspec.lua)
Lua module: fontspec 2009/12/04 2 Advanced font selection for LuaLaTeX.

Module luatexbase-mcb info: inserting 'fontspec.set_capheight'
(luatexbase-mcb)            at position 2 in 'luaotfload.patch_font'
\l_fontspec_script_int=\count355
\l_fontspec_language_int=\count356
\l_fontspec_strnum_int=\count357
\l_fontspec_tmpa_dim=\dimen291
\l_fontspec_tmpb_dim=\dimen292
\l_fontspec_tmpc_dim=\dimen293
Variant \tl_gset:cV already defined; not changing it on line 66
(/usr/local/texlive/2012/texmf-dist/tex/latex/fontspec/fontspec-patches.sty
Package: fontspec-patches 2012/05/06 v2.2b Advanced font selection for XeLaTeX/
LuaLaTeX

(/usr/local/texlive/2012/texmf-dist/tex/latex/base/fixltx2e.sty
Package: fixltx2e 2006/09/13 v1.1m fixes to LaTeX
LaTeX Info: Redefining \em on input line 420.
LaTeX Info: Redefining \textsubscript on input line 424.
)
LaTeX Info: Redefining \em on input line 22.
LaTeX Info: Redefining \emph on input line 29.
LaTeX Info: Redefining \- on input line 32.

*************************************************
* LaTeX warning: "xparse/redefine-command"
* 
* Redefining document command \oldstylenums with arg. spec. 'm' on line 107.
*************************************************
.................................................
. LaTeX info: "xparse/define-command"
. 
. Defining document command \liningnums with arg. spec. 'm' on line 111.
.................................................
) (/usr/local/texlive/2012/texmf-dist/tex/latex/fontspec/fontspec-luatex.sty
Package: fontspec-luatex 2012/05/06 v2.2b Advanced font selection for XeLaTeX/L
uaLaTeX

(/usr/local/texlive/2012/texmf-dist/tex/latex/base/fontenc.sty
Package: fontenc 2005/09/27 v1.99g Standard LaTeX package

(/usr/local/texlive/2012/texmf-dist/tex/latex/euenc/eu2enc.def
File: eu2enc.def 2010/05/27 v0.1h Experimental Unicode font encodings
)
LaTeX Font Info:    Try loading font information for EU2+lmr on input line 100.


(/usr/local/texlive/2012/texmf-dist/tex/latex/euenc/eu2lmr.fd
File: eu2lmr.fd 2009/10/30 v1.6 Font defs for Latin Modern
)
luaotfload | load font: auto-selecting default features for script: dflt (was l
atn)(load: /Users/Matt/Library/texlive/2012/texmf-var/luatex-cache/generic/font
s/otf/temp-lmroman10-regular.lua))
(/usr/local/texlive/2012/texmf-dist/tex/xelatex/xunicode/xunicode.sty
File: xunicode.sty 2011/09/09 v0.981 provides access to latin accents and many 
other characters in Unicode lower plane

(/usr/local/texlive/2012/texmf-dist/tex/latex/tipa/t3enc.def
File: t3enc.def 2001/12/31 T3 encoding
luaotfload | load font: auto-selecting default features for script: dflt (was l
atn)(load: /Users/Matt/Library/texlive/2012/texmf-var/luatex-cache/generic/font
s/otf/temp-lmromanslant10-regular.lua)
luaotfload | load font: auto-selecting default features for script: dflt (was l
atn)(load: /Users/Matt/Library/texlive/2012/texmf-var/luatex-cache/generic/font
s/otf/temp-lmroman10-italic.lua)
luaotfload | load font: auto-selecting default features for script: dflt (was l
atn)(load: /Users/Matt/Library/texlive/2012/texmf-var/luatex-cache/generic/font
s/otf/temp-lmroman10-bold.lua)
LaTeX Font Info:    Try loading font information for EU2+lmss on input line 357
.

(/usr/local/texlive/2012/texmf-dist/tex/latex/euenc/eu2lmss.fd
File: eu2lmss.fd 2009/10/30 v1.6 Font defs for Latin Modern
)
luaotfload | load font: auto-selecting default features for script: dflt (was l
atn)(load: /Users/Matt/Library/texlive/2012/texmf-var/luatex-cache/generic/font
s/otf/temp-lmsans10-regular.lua))
\tipaTiiicode=\count358
\tipasavetokens=\toks23
\tipachecktokens=\toks24

(/usr/local/texlive/2012/texmf-dist/tex/latex/graphics/graphicx.sty
Package: graphicx 1999/02/16 v1.0f Enhanced LaTeX Graphics (DPC,SPQR)

(/usr/local/texlive/2012/texmf-dist/tex/latex/graphics/keyval.sty
Package: keyval 1999/03/16 v1.13 key=value parser (DPC)
\KV@toks@=\toks25
)
\Gin@req@height=\dimen294
\Gin@req@width=\dimen295
))
.................................................
. LaTeX info: "xparse/define-command"
. 
. Defining document command \fontspec with arg. spec. 'O{}m' on line 42.
.................................................
.................................................
. LaTeX info: "xparse/define-command"
. 
. Defining document command \setmainfont with arg. spec. 'O{}m' on line 46.
.................................................
.................................................
. LaTeX info: "xparse/define-command"
. 
. Defining document command \setsansfont with arg. spec. 'O{}m' on line 50.
.................................................
.................................................
. LaTeX info: "xparse/define-command"
. 
. Defining document command \setmonofont with arg. spec. 'O{}m' on line 54.
.................................................
.................................................
. LaTeX info: "xparse/define-command"
. 
. Defining document command \setmathrm with arg. spec. 'O{}m' on line 62.
.................................................
.................................................
. LaTeX info: "xparse/define-command"
. 
. Defining document command \setboldmathrm with arg. spec. 'O{}m' on line 65.
.................................................
.................................................
. LaTeX info: "xparse/define-command"
. 
. Defining document command \setmathsf with arg. spec. 'O{}m' on line 68.
.................................................
.................................................
. LaTeX info: "xparse/define-command"
. 
. Defining document command \setmathtt with arg. spec. 'O{}m' on line 71.
.................................................
.................................................
. LaTeX info: "xparse/define-command"
. 
. Defining document command \newfontfamily with arg. spec. 'mO{}m' on line 87.
.................................................
.................................................
. LaTeX info: "xparse/define-command"
. 
. Defining document command \newfontface with arg. spec. 'mO{}m' on l