\BOOKMARK [0][-]{section*.1}{List of Figures}{}% 1
\BOOKMARK [0][-]{chapter*.2}{Acknowledgements}{}% 2
\BOOKMARK [0][-]{chapter.1}{Dark Matter}{}% 3
\BOOKMARK [1][-]{section.1.1}{CDM Model}{chapter.1}% 4
\BOOKMARK [1][-]{section.1.2}{Evidence of Dark Matter}{chapter.1}% 5
\BOOKMARK [2][-]{subsection.1.2.1}{Dynamical Constraints from Clusters of Galaxies}{section.1.2}% 6
\BOOKMARK [2][-]{subsection.1.2.2}{Dynamical Constraints from Galactic Rotation Curves}{section.1.2}% 7
\BOOKMARK [2][-]{subsection.1.2.3}{Evidence from Graviational Lensing}{section.1.2}% 8
\BOOKMARK [2][-]{subsection.1.2.4}{Evidence from the Cosmic Microwave Background}{section.1.2}% 9
\BOOKMARK [1][-]{section.1.3}{Dark Matter Candidates}{chapter.1}% 10
\BOOKMARK [2][-]{subsection.1.3.1}{Axions}{section.1.3}% 11
\BOOKMARK [2][-]{subsection.1.3.2}{WIMPs}{section.1.3}% 12
\BOOKMARK [1][-]{section.1.4}{Detecting WIMPs}{chapter.1}% 13
\BOOKMARK [2][-]{subsection.1.4.1}{Indirect Detection}{section.1.4}% 14
\BOOKMARK [2][-]{subsection.1.4.2}{Collider Detection}{section.1.4}% 15
\BOOKMARK [2][-]{subsection.1.4.3}{Direct Detection}{section.1.4}% 16
\BOOKMARK [2][-]{subsection.1.4.4}{Direct Detection Experiments}{section.1.4}% 17
\BOOKMARK [3][-]{subsubsection.1.4.4.1}{Heat}{subsection.1.4.4}% 18
\BOOKMARK [3][-]{subsubsection.1.4.4.2}{Scintillation}{subsection.1.4.4}% 19
\BOOKMARK [3][-]{subsubsection.1.4.4.3}{Ionization}{subsection.1.4.4}% 20
\BOOKMARK [3][-]{subsubsection.1.4.4.4}{Heat-Scintillation}{subsection.1.4.4}% 21
\BOOKMARK [3][-]{subsubsection.1.4.4.5}{Heat-Ionization}{subsection.1.4.4}% 22
\BOOKMARK [3][-]{subsubsection.1.4.4.6}{Scintillation-Ionization}{subsection.1.4.4}% 23
\BOOKMARK [0][-]{chapter.2}{Liquid Xenon and Dual-Phase TPCs}{}% 24
\BOOKMARK [1][-]{section.2.1}{General Properties}{chapter.2}% 25
\BOOKMARK [1][-]{section.2.2}{Energy Deposition of Charged Particles in Liquid Xenon}{chapter.2}% 26
\BOOKMARK [1][-]{section.2.3}{Electronic Recoils in Liquid Xenon}{chapter.2}% 27
\BOOKMARK [2][-]{subsection.2.3.1}{Sources of Electronic Recoils}{section.2.3}% 28
\BOOKMARK [3][-]{subsubsection.2.3.1.1}{Beta Decays}{subsection.2.3.1}% 29
\BOOKMARK [3][-]{subsubsection.2.3.1.2}{Photons}{subsection.2.3.1}% 30
\BOOKMARK [3][-]{subsubsection.2.3.1.3}{Neutrons}{subsection.2.3.1}% 31
\BOOKMARK [3][-]{subsubsection.2.3.1.4}{Neutrinos}{subsection.2.3.1}% 32
\BOOKMARK [2][-]{subsection.2.3.2}{Observables Production for Electronic Recoils}{section.2.3}% 33
\BOOKMARK [1][-]{section.2.4}{Nuclear Recoils in Liquid Xenon}{chapter.2}% 34
\BOOKMARK [2][-]{subsection.2.4.1}{Sources of Nuclear Recoils}{section.2.4}% 35
\BOOKMARK [3][-]{subsubsection.2.4.1.1}{Neutrons}{subsection.2.4.1}% 36
\BOOKMARK [3][-]{subsubsection.2.4.1.2}{Neutrinos}{subsection.2.4.1}% 37
\BOOKMARK [2][-]{subsection.2.4.2}{Observables Production for Nuclear Recoils}{section.2.4}% 38
\BOOKMARK [1][-]{section.2.5}{Dual-Phase Time Projection Chambers}{chapter.2}% 39
\BOOKMARK [2][-]{subsection.2.5.1}{Operating Principle}{section.2.5}% 40
\BOOKMARK [3][-]{subsubsection.2.5.1.1}{Reconstructing Interaction Type}{subsection.2.5.1}% 41
\BOOKMARK [3][-]{subsubsection.2.5.1.2}{Reconstructing Energy}{subsection.2.5.1}% 42
\BOOKMARK [3][-]{subsubsection.2.5.1.3}{Reconstructing Position}{subsection.2.5.1}% 43
\BOOKMARK [2][-]{subsection.2.5.2}{Detecting Observables}{section.2.5}% 44
\BOOKMARK [3][-]{subsubsection.2.5.2.1}{Detection of Scintillation Photons: S1}{subsection.2.5.2}% 45
\BOOKMARK [3][-]{subsubsection.2.5.2.2}{Detection of Ionization Electrons: S2}{subsection.2.5.2}% 46
\BOOKMARK [0][-]{chapter.3}{The First Dark Matter Search with XENON1T}{}% 47
\BOOKMARK [1][-]{section.3.1}{The XENON1T Detector}{chapter.3}% 48
\BOOKMARK [2][-]{subsection.3.1.1}{ Laboratori Nazionali del Gran Sasso}{section.3.1}% 49
\BOOKMARK [2][-]{subsection.3.1.2}{Muon Veto}{section.3.1}% 50
\BOOKMARK [2][-]{subsection.3.1.3}{Cryostat}{section.3.1}% 51
\BOOKMARK [2][-]{subsection.3.1.4}{Cryogenics System}{section.3.1}% 52
\BOOKMARK [2][-]{subsection.3.1.5}{Purification Systems}{section.3.1}% 53
\BOOKMARK [3][-]{subsubsection.3.1.5.1}{Electronegative Impurities}{subsection.3.1.5}% 54
\BOOKMARK [3][-]{subsubsection.3.1.5.2}{"3222378 }{subsection.3.1.5}% 55
\BOOKMARK [2][-]{subsection.3.1.6}{Recovery and Storage}{section.3.1}% 56
\BOOKMARK [2][-]{subsection.3.1.7}{Calibration Systems}{section.3.1}% 57
\BOOKMARK [2][-]{subsection.3.1.8}{Photomultiplier Tubes}{section.3.1}% 58
\BOOKMARK [2][-]{subsection.3.1.9}{XENON1T TPC}{section.3.1}% 59
\BOOKMARK [2][-]{subsection.3.1.10}{Data Acquisition and Processing}{section.3.1}% 60
\BOOKMARK [1][-]{section.3.2}{The Background for the XENON1T Detector}{chapter.3}% 61
\BOOKMARK [2][-]{subsection.3.2.1}{Background in XENON1T from Detector Materials}{section.3.2}% 62
\BOOKMARK [2][-]{subsection.3.2.2}{Electronic Recoil Background in XENON1T}{section.3.2}% 63
\BOOKMARK [3][-]{subsubsection.3.2.2.1}{"3222378 }{subsection.3.2.2}% 64
\BOOKMARK [3][-]{subsubsection.3.2.2.2}{"3222378 }{subsection.3.2.2}% 65
\BOOKMARK [3][-]{subsubsection.3.2.2.3}{Solar Neutrinos}{subsection.3.2.2}% 66
\BOOKMARK [3][-]{subsubsection.3.2.2.4}{"3222378 }{subsection.3.2.2}% 67
\BOOKMARK [2][-]{subsection.3.2.3}{Nuclear Recoil Background in XENON1T}{section.3.2}% 68
\BOOKMARK [3][-]{subsubsection.3.2.3.1}{Coherent Neutrino-Nucleon Scattering}{subsection.3.2.3}% 69
\BOOKMARK [3][-]{subsubsection.3.2.3.2}{Nuclear Recoils from Muon-Induced Neutrons}{subsection.3.2.3}% 70
\BOOKMARK [1][-]{section.3.3}{The Calibration and Characterization of XENON1T for the First Science Run}{chapter.3}% 71
\BOOKMARK [2][-]{subsection.3.3.1}{PMT Characterization}{section.3.3}% 72
\BOOKMARK [2][-]{subsection.3.3.2}{Position Reconstruction}{section.3.3}% 73
\BOOKMARK [2][-]{subsection.3.3.3}{Position Dependent Corrections}{section.3.3}% 74
\BOOKMARK [3][-]{subsubsection.3.3.3.1}{S1 Position Correction}{subsection.3.3.3}% 75
\BOOKMARK [3][-]{subsubsection.3.3.3.2}{S2 Transverse Position Correction}{subsection.3.3.3}% 76
\BOOKMARK [3][-]{subsubsection.3.3.3.3}{S2 Depth Correction Correction: Electron Lifetime}{subsection.3.3.3}% 77
\BOOKMARK [2][-]{subsection.3.3.4}{Single Electron Gain}{section.3.3}% 78
\BOOKMARK [2][-]{subsection.3.3.5}{Average Light Collection Efficiency and Extraction Efficiency}{section.3.3}% 79
\BOOKMARK [2][-]{subsection.3.3.6}{Cut Acceptance}{section.3.3}% 80
\BOOKMARK [1][-]{section.3.4}{Electronic and Nuclear Recoil Characterization of XENON1T}{chapter.3}% 81
\BOOKMARK [2][-]{subsection.3.4.1}{Significance of the Calibrations}{section.3.4}% 82
\BOOKMARK [2][-]{subsection.3.4.2}{Parameter Estimation via Monte Carlo}{section.3.4}% 83
\BOOKMARK [3][-]{subsubsection.3.4.2.1}{Light and Charge Production for Electronic Recoils}{subsection.3.4.2}% 84
\BOOKMARK [3][-]{subsubsection.3.4.2.2}{Light and Charge Production for Nuclear Recoils}{subsection.3.4.2}% 85
\BOOKMARK [3][-]{subsubsection.3.4.2.3}{Detector Model for Signal Production}{subsection.3.4.2}% 86
\BOOKMARK [3][-]{subsubsection.3.4.2.4}{Comparing Data and Monte Carlo}{subsection.3.4.2}% 87
\BOOKMARK [3][-]{subsubsection.3.4.2.5}{Estimating the Posterior Probability Distribution Using a Markov Chain Monte Carlo}{subsection.3.4.2}% 88
\BOOKMARK [2][-]{subsection.3.4.3}{ER and NR Calibration Results}{section.3.4}% 89
\BOOKMARK [3][-]{subsubsection.3.4.3.1}{Results of the Electronic Recoil Calibration}{subsection.3.4.3}% 90
\BOOKMARK [3][-]{subsubsection.3.4.3.2}{Results of the Nuclear Recoil Calibration}{subsection.3.4.3}% 91
\BOOKMARK [2][-]{subsection.3.4.4}{Propagating Results to the WIMP Search}{section.3.4}% 92
\BOOKMARK [1][-]{section.3.5}{Results of the First WIMP Search with XENON1T}{chapter.3}% 93
\BOOKMARK [2][-]{subsection.3.5.1}{First Science Run Data}{section.3.5}% 94
\BOOKMARK [2][-]{subsection.3.5.2}{Background Expectations}{section.3.5}% 95
\BOOKMARK [2][-]{subsection.3.5.3}{Searching for WIMPs}{section.3.5}% 96
\BOOKMARK [0][-]{chapter.4}{Measuring the Low Energy Light and Charge Yield of Nuclear Recoils in Liquid Xenon}{}% 97
\BOOKMARK [1][-]{section.4.1}{Experimental Setup}{chapter.4}% 98
\BOOKMARK [2][-]{subsection.4.1.1}{neriX Detector}{section.4.1}% 99
\BOOKMARK [3][-]{subsubsection.4.1.1.1}{TPC}{subsection.4.1.1}% 100
\BOOKMARK [3][-]{subsubsection.4.1.1.2}{Cryostat}{subsection.4.1.1}% 101
\BOOKMARK [3][-]{subsubsection.4.1.1.3}{Purification and Cryogenics System}{subsection.4.1.1}% 102
\BOOKMARK [3][-]{subsubsection.4.1.1.4}{Pressure Relief System}{subsection.4.1.1}% 103
\BOOKMARK [3][-]{subsubsection.4.1.1.5}{Xenon Storage}{subsection.4.1.1}% 104
\BOOKMARK [3][-]{subsubsection.4.1.1.6}{Electric Field Strength and Uniformity}{subsection.4.1.1}% 105
\BOOKMARK [3][-]{subsubsection.4.1.1.7}{Data Acquisition System and Processing}{subsection.4.1.1}% 106
\BOOKMARK [2][-]{subsection.4.1.2}{Neutron Generator}{section.4.1}% 107
\BOOKMARK [3][-]{subsubsection.4.1.2.1}{Neutron Energy Spectrum}{subsection.4.1.2}% 108
\BOOKMARK [3][-]{subsubsection.4.1.2.2}{Neutron Yield}{subsection.4.1.2}% 109
\BOOKMARK [2][-]{subsection.4.1.3}{Liquid Scintillators}{section.4.1}% 110
\BOOKMARK [2][-]{subsection.4.1.4}{Data Acquisition System}{section.4.1}% 111
\BOOKMARK [1][-]{section.4.2}{Characterization and Calibration of neriX}{chapter.4}% 112
\BOOKMARK [2][-]{subsection.4.2.1}{PMT Characterization}{section.4.2}% 113
\BOOKMARK [2][-]{subsection.4.2.2}{Position Reconstruction and Position Dependence}{section.4.2}% 114
\BOOKMARK [2][-]{subsection.4.2.3}{Single Electron Response}{section.4.2}% 115
\BOOKMARK [2][-]{subsection.4.2.4}{Anticorrelation}{section.4.2}% 116
\BOOKMARK [2][-]{subsection.4.2.5}{Trigger Efficiency}{section.4.2}% 117
\BOOKMARK [2][-]{subsection.4.2.6}{Peak Finding Efficiency}{section.4.2}% 118
\BOOKMARK [1][-]{section.4.3}{Nuclear Recoil Data Collection}{chapter.4}% 119
\BOOKMARK [1][-]{section.4.4}{Analysis of Nuclear Recoils in Liquid Xenon}{chapter.4}% 120
\BOOKMARK [2][-]{subsection.4.4.1}{Monte Carlo Simulation of Energy Spectra}{section.4.4}% 121
\BOOKMARK [2][-]{subsection.4.4.2}{Light and Charge Production for Nuclear Recoils}{section.4.4}% 122
\BOOKMARK [2][-]{subsection.4.4.3}{Detector Model for Signal Production}{section.4.4}% 123
\BOOKMARK [3][-]{subsubsection.4.4.3.1}{Detection of Scintillation Photons}{subsection.4.4.3}% 124
\BOOKMARK [3][-]{subsubsection.4.4.3.2}{Detection of Electrons}{subsection.4.4.3}% 125
\BOOKMARK [2][-]{subsection.4.4.4}{Energy Inputs for Fast Monte Carlo}{section.4.4}% 126
\BOOKMARK [2][-]{subsection.4.4.5}{Posterior Estimation}{section.4.4}% 127
\BOOKMARK [2][-]{subsection.4.4.6}{Results}{section.4.4}% 128
\BOOKMARK [3][-]{subsubsection.4.4.6.1}{Remarks on the Light and Charge Production Model}{subsection.4.4.6}% 129
\BOOKMARK [3][-]{subsubsection.4.4.6.2}{Remarks on the Detector Physics Model}{subsection.4.4.6}% 130
\BOOKMARK [2][-]{subsection.4.4.7}{Systematic Uncertainties}{section.4.4}% 131
\BOOKMARK [1][-]{section.4.5}{Conclusions}{chapter.4}% 132
\BOOKMARK [0][-]{section*.9}{Bibliography}{}% 133
\BOOKMARK [0][-]{appendix.A}{GPUs and Fast Monte Carlo Matching for Parameter Estimation}{}% 134
\BOOKMARK [1][-]{section.A.1}{Motivation}{appendix.A}% 135
\BOOKMARK [1][-]{section.A.2}{Parameter Estimation through Monte Carlo}{appendix.A}% 136
\BOOKMARK [2][-]{subsection.A.2.1}{Overview}{section.A.2}% 137
\BOOKMARK [2][-]{subsection.A.2.2}{Estimating the Likelihood Using Monte Carlo}{section.A.2}% 138
\BOOKMARK [2][-]{subsection.A.2.3}{Drawbacks of Monte Carlo Likelihood Estimation}{section.A.2}% 139
\BOOKMARK [1][-]{section.A.3}{Graphical Processing Units for Monte Carlo Matching for Parameter Estimation}{appendix.A}% 140
\BOOKMARK [2][-]{subsection.A.3.1}{Graphical Processing Units}{section.A.3}% 141
\BOOKMARK [2][-]{subsection.A.3.2}{GPU-Based MC Matching Framework}{section.A.3}% 142
\BOOKMARK [2][-]{subsection.A.3.3}{Speed Gains for GPUs versus CPU}{section.A.3}% 143
\BOOKMARK [2][-]{subsection.A.3.4}{Parallelizing GPUs}{section.A.3}% 144
\BOOKMARK [1][-]{section.A.4}{Discussion}{appendix.A}% 145
\BOOKMARK [0][-]{appendix.B}{Characterization of Photomultiplier Tubes with the Cascade Model}{}% 146
\BOOKMARK [1][-]{section.B.1}{Motivation}{appendix.B}% 147
\BOOKMARK [1][-]{section.B.2}{The Cascade Single Photoelectron Charge Response Model}{appendix.B}% 148
\BOOKMARK [1][-]{section.B.3}{Data Collection}{appendix.B}% 149
\BOOKMARK [1][-]{section.B.4}{Results}{appendix.B}% 150
\BOOKMARK [2][-]{subsection.B.4.1}{Response Characterizations}{section.B.4}% 151
\BOOKMARK [2][-]{subsection.B.4.2}{Hamamatsu R11410 Analysis}{section.B.4}% 152
\BOOKMARK [2][-]{subsection.B.4.3}{Hamamatsu R6041-406 Analysis}{section.B.4}% 153
\BOOKMARK [1][-]{section.B.5}{Conclusions}{appendix.B}% 154
